# JRE version: Java(TM) SE Runtime Environment (21.0.2+13) (build 21.0.2+13-LTS-58)
# Java VM: Java HotSpot(TM) 64-Bit Server VM (21.0.2+13-LTS-58, mixed mode, sharing, tiered, compressed oops, compressed class ptrs, g1 gc, windows-amd64)
GC Precious Log:
 CardTable entry size: 512
 Card Set container configuration: InlinePtr #cards 5 size 8 Array Of Cards #cards 12 size 40 Howl #buckets 4 coarsen threshold 1843 Howl Bitmap #cards 512 size 80 coarsen threshold 460 Card regions per heap region 1 cards per card region 2048
 CPUs: 4 total, 4 available
 Memory: 8095M
 Large Page Support: Disabled
 NUMA Support: Disabled
 Compressed Oops: Enabled (32-bit)
 Heap Region Size: 1M
 Heap Min Capacity: 256M
 Heap Initial Capacity: 256M
 Heap Max Capacity: 512M
 Pre-touch: Disabled
 Parallel Workers: 4
 Concurrent Workers: 1
 Concurrent Refinement Workers: 4
 Periodic GC: Disabled
Heap:
 garbage-first heap   total 262144K, used 122880K [0x00000000e0000000, 0x0000000100000000)
  region size 1024K, 74 young (75776K), 5 survivors (5120K)
 Metaspace       used 59563K, committed 61568K, reserved 393216K
  class space    used 8428K, committed 9472K, reserved 327680K
GC Heap History (20 events):
Event: 0.872 GC heap before
{Heap before GC invocations=0 (full 0):
 garbage-first heap   total 262144K, used 13312K [0x00000000e0000000, 0x0000000100000000)
  region size 1024K, 13 young (13312K), 0 survivors (0K)
 Metaspace       used 996K, committed 1152K, reserved 393216K
  class space    used 79K, committed 128K, reserved 327680K
}
Event: 0.881 GC heap after
{Heap after GC invocations=1 (full 0):
 garbage-first heap   total 262144K, used 2704K [0x00000000e0000000, 0x0000000100000000)
  region size 1024K, 2 young (2048K), 2 survivors (2048K)
 Metaspace       used 996K, committed 1152K, reserved 393216K
  class space    used 79K, committed 128K, reserved 327680K
}
Event: 2.016 GC heap before
{Heap before GC invocations=1 (full 0):
 garbage-first heap   total 262144K, used 27280K [0x00000000e0000000, 0x0000000100000000)
  region size 1024K, 23 young (23552K), 2 survivors (2048K)
 Metaspace       used 4080K, committed 4352K, reserved 393216K
  class space    used 500K, committed 640K, reserved 327680K
}
Event: 2.023 GC heap after
{Heap after GC invocations=2 (full 0):
 garbage-first heap   total 262144K, used 10866K [0x00000000e0000000, 0x0000000100000000)
  region size 1024K, 3 young (3072K), 3 survivors (3072K)
 Metaspace       used 4080K, committed 4352K, reserved 393216K
  class space    used 500K, committed 640K, reserved 327680K
}
Event: 2.798 GC heap before
{Heap before GC invocations=2 (full 0):
 garbage-first heap   total 262144K, used 36466K [0x00000000e0000000, 0x0000000100000000)
  region size 1024K, 28 young (28672K), 3 survivors (3072K)
 Metaspace       used 4192K, committed 4416K, reserved 393216K
  class space    used 502K, committed 640K, reserved 327680K
}
Event: 2.808 GC heap after
{Heap after GC invocations=3 (full 0):
 garbage-first heap   total 262144K, used 15680K [0x00000000e0000000, 0x0000000100000000)
  region size 1024K, 4 young (4096K), 4 survivors (4096K)
 Metaspace       used 4192K, committed 4416K, reserved 393216K
  class space    used 502K, committed 640K, reserved 327680K
}
Event: 7.381 GC heap before
{Heap before GC invocations=3 (full 0):
 garbage-first heap   total 262144K, used 110912K [0x00000000e0000000, 0x0000000100000000)
  region size 1024K, 99 young (101376K), 4 survivors (4096K)
 Metaspace       used 20806K, committed 21504K, reserved 393216K
  class space    used 3007K, committed 3328K, reserved 327680K
}
Event: 7.404 GC heap after
{Heap after GC invocations=4 (full 0):
 garbage-first heap   total 262144K, used 23069K [0x00000000e0000000, 0x0000000100000000)
  region size 1024K, 12 young (12288K), 12 survivors (12288K)
 Metaspace       used 20806K, committed 21504K, reserved 393216K
  class space    used 3007K, committed 3328K, reserved 327680K
}
Event: 10.349 GC heap before
{Heap before GC invocations=5 (full 0):
 garbage-first heap   total 262144K, used 110109K [0x00000000e0000000, 0x0000000100000000)
  region size 1024K, 99 young (101376K), 12 survivors (12288K)
 Metaspace       used 34859K, committed 35968K, reserved 393216K
  class space    used 5032K, committed 5568K, reserved 327680K
}
Event: 10.382 GC heap after
{Heap after GC invocations=6 (full 0):
 garbage-first heap   total 262144K, used 29428K [0x00000000e0000000, 0x0000000100000000)
  region size 1024K, 14 young (14336K), 14 survivors (14336K)
 Metaspace       used 34859K, committed 35968K, reserved 393216K
  class space    used 5032K, committed 5568K, reserved 327680K
}
Event: 10.746 GC heap before
{Heap before GC invocations=6 (full 0):
 garbage-first heap   total 262144K, used 49908K [0x00000000e0000000, 0x0000000100000000)
  region size 1024K, 35 young (35840K), 14 survivors (14336K)
 Metaspace       used 35089K, committed 36288K, reserved 393216K
  class space    used 5047K, committed 5632K, reserved 327680K
}
Event: 10.778 GC heap after
{Heap after GC invocations=7 (full 0):
 garbage-first heap   total 262144K, used 30709K [0x00000000e0000000, 0x0000000100000000)
  region size 1024K, 8 young (8192K), 8 survivors (8192K)
 Metaspace       used 35089K, committed 36288K, reserved 393216K
  class space    used 5047K, committed 5632K, reserved 327680K
}
Event: 10.875 GC heap before
{Heap before GC invocations=7 (full 0):
 garbage-first heap   total 262144K, used 32757K [0x00000000e0000000, 0x0000000100000000)
  region size 1024K, 11 young (11264K), 8 survivors (8192K)
 Metaspace       used 35393K, committed 36608K, reserved 393216K
  class space    used 5087K, committed 5696K, reserved 327680K
}
Event: 10.888 GC heap after
{Heap after GC invocations=8 (full 0):
 garbage-first heap   total 262144K, used 31631K [0x00000000e0000000, 0x0000000100000000)
  region size 1024K, 9 young (9216K), 9 survivors (9216K)
 Metaspace       used 35393K, committed 36608K, reserved 393216K
  class space    used 5087K, committed 5696K, reserved 327680K
}
Event: 17.610 GC heap before
{Heap before GC invocations=9 (full 0):
 garbage-first heap   total 262144K, used 185231K [0x00000000e0000000, 0x0000000100000000)
  region size 1024K, 153 young (156672K), 9 survivors (9216K)
 Metaspace       used 51490K, committed 53312K, reserved 393216K
  class space    used 7478K, committed 8384K, reserved 327680K
}
Event: 17.645 GC heap after
{Heap after GC invocations=10 (full 0):
 garbage-first heap   total 262144K, used 41461K [0x00000000e0000000, 0x0000000100000000)
  region size 1024K, 18 young (18432K), 18 survivors (18432K)
 Metaspace       used 51490K, committed 53312K, reserved 393216K
  class space    used 7478K, committed 8384K, reserved 327680K
}
Event: 22.181 GC heap before
{Heap before GC invocations=10 (full 0):
 garbage-first heap   total 262144K, used 178677K [0x00000000e0000000, 0x0000000100000000)
  region size 1024K, 153 young (156672K), 18 survivors (18432K)
 Metaspace       used 57388K, committed 59328K, reserved 393216K
  class space    used 8193K, committed 9152K, reserved 327680K
}
Event: 22.235 GC heap after
{Heap after GC invocations=11 (full 0):
 garbage-first heap   total 262144K, used 52533K [0x00000000e0000000, 0x0000000100000000)
  region size 1024K, 12 young (12288K), 12 survivors (12288K)
 Metaspace       used 57388K, committed 59328K, reserved 393216K
  class space    used 8193K, committed 9152K, reserved 327680K
}
Event: 47.191 GC heap before
{Heap before GC invocations=11 (full 0):
 garbage-first heap   total 262144K, used 111925K [0x00000000e0000000, 0x0000000100000000)
  region size 1024K, 71 young (72704K), 12 survivors (12288K)
 Metaspace       used 59129K, committed 61120K, reserved 393216K
  class space    used 8422K, committed 9408K, reserved 327680K
}
Event: 47.228 GC heap after
{Heap after GC invocations=12 (full 0):
 garbage-first heap   total 262144K, used 54272K [0x00000000e0000000, 0x0000000100000000)
  region size 1024K, 5 young (5120K), 5 survivors (5120K)
 Metaspace       used 59129K, committed 61120K, reserved 393216K
  class space    used 8422K, committed 9408K, reserved 327680K
}

